<?xml version="1.0" encoding="UTF-8"?>
<!-- Generated by org.testng.reporters.JUnitReportReporter -->
<testsuite hostname="DESKTOP-H04GVV1" failures="0" tests="15" name="runner.TestRunner" time="58.438" errors="0" timestamp="2024-02-03T11:30:28 IST" skipped="0">
  <testcase classname="runner.TestRunner" name="runScenario" time="2.841"/>
  <testcase classname="runner.TestRunner" name="runScenario" time="3.328"/>
  <testcase classname="runner.TestRunner" name="runScenario" time="2.655"/>
  <testcase classname="runner.TestRunner" name="runScenario" time="4.160"/>
  <testcase classname="runner.TestRunner" name="runScenario" time="3.691"/>
  <testcase classname="runner.TestRunner" name="runScenario" time="3.462"/>
  <testcase classname="runner.TestRunner" name="runScenario" time="8.196"/>
  <testcase classname="runner.TestRunner" name="runScenario" time="4.429"/>
  <testcase classname="runner.TestRunner" name="runScenario" time="4.329"/>
  <testcase classname="runner.TestRunner" name="runScenario" time="3.499"/>
  <testcase classname="runner.TestRunner" name="runScenario" time="4.450"/>
  <testcase classname="runner.TestRunner" name="runScenario" time="3.567"/>
  <testcase classname="runner.TestRunner" name="runScenario" time="2.705"/>
  <testcase classname="runner.TestRunner" name="runScenario" time="3.471"/>
  <testcase classname="runner.TestRunner" name="runScenario" time="3.655"/>
</testsuite> <!-- runner.TestRunner -->
