<?xml version="1.0" encoding="UTF-8"?>
<!-- Generated by org.testng.reporters.JUnitReportReporter -->
<testsuite hostname="DESKTOP-H04GVV1" failures="0" tests="14" name="runner.TestRunner" time="0.272" errors="0" timestamp="2024-01-26T08:42:38 IST" skipped="0">
  <testcase classname="runner.TestRunner" name="runScenario" time="0.027"/>
  <testcase classname="runner.TestRunner" name="runScenario" time="0.011"/>
  <testcase classname="runner.TestRunner" name="runScenario" time="0.014"/>
  <testcase classname="runner.TestRunner" name="runScenario" time="0.014"/>
  <testcase classname="runner.TestRunner" name="runScenario" time="0.015"/>
  <testcase classname="runner.TestRunner" name="runScenario" time="0.014"/>
  <testcase classname="runner.TestRunner" name="runScenario" time="0.016"/>
  <testcase classname="runner.TestRunner" name="runScenario" time="0.012"/>
  <testcase classname="runner.TestRunner" name="runScenario" time="0.081"/>
  <testcase classname="runner.TestRunner" name="runScenario" time="0.016"/>
  <testcase classname="runner.TestRunner" name="runScenario" time="0.011"/>
  <testcase classname="runner.TestRunner" name="runScenario" time="0.011"/>
  <testcase classname="runner.TestRunner" name="runScenario" time="0.009"/>
  <testcase classname="runner.TestRunner" name="runScenario" time="0.021"/>
</testsuite> <!-- runner.TestRunner -->
